#
# A fatal error has been detected by the Java Runtime Environment:
#
#  SIGSEGV (0xb) at pc=0x000000011f20379e, pid=35473, tid=0x0000000000000307
#
# JRE version: Java(TM) SE Runtime Environment (8.0_101-b13) (build 1.8.0_101-b13)
# Java VM: Java HotSpot(TM) 64-Bit Server VM (25.101-b13 mixed mode bsd-amd64 compressed oops)
# Problematic frame:
# C  [libjfxwebkit.dylib+0xe2e79e]  WTFCrash+0x3e
#
# Failed to write core dump. Core dumps have been disabled. To enable core dumping, try "ulimit -c unlimited" before starting Java again
#
# If you would like to submit a bug report, please visit:
#   http://bugreport.java.com/bugreport/crash.jsp
# The crash happened outside the Java Virtual Machine in native code.
# See problematic frame for where to report the bug.
#

---------------  T H R E A D  ---------------

Current thread (0x00007f9c03165000):  JavaThread "JavaFX Application Thread" [_thread_in_native, id=775, stack(0x00007fff5d8b7000,0x00007fff5e0b7000)]

siginfo: si_signo: 11 (SIGSEGV), si_code: 1 (SEGV_MAPERR), si_addr: 0x00000000bbadbeef

Registers:
RAX=0x00000000bbadbeef, RBX=0x00000003be897000, RCX=0x00001b0000001c03, RDX=0x0000000000012068
RSP=0x00007fff5e0b1080, RBP=0x00007fff5e0b1190, RSI=0x00000000007c1100, RDI=0x0000000000000000
R8 =0x0000000000000040, R9 =0x00007ffff3b6c040, R10=0xffffffffffffffff, R11=0x0000000000012068
R12=0x000000000a20fcb6, R13=0x0000000006d97e80, R14=0x00007f9c085335d8, R15=0x00007f9c085335d8
RIP=0x000000011f20379e, EFLAGS=0x0000000000010206, ERR=0x0000000000000006
  TRAPNO=0x000000000000000e

Top of Stack: (sp=0x00007fff5e0b1080)
0x00007fff5e0b1080:   000000011f20378a 000000011f08ac42
0x00007fff5e0b1090:   000000011f08a4a2 000000011f08a7a7
0x00007fff5e0b10a0:   000000011f0807f9 000000011f08094d
0x00007fff5e0b10b0:   000000011f0809a7 000000011f0809a7
0x00007fff5e0b10c0:   000000011f0809a7 000000011f0809a7
0x00007fff5e0b10d0:   000000011f0809a7 000000011f0809a7
0x00007fff5e0b10e0:   000000011f0809a7 000000011f0809a7
0x00007fff5e0b10f0:   000000011f0809a7 000000011f0809a7
0x00007fff5e0b1100:   000000011f0809a7 000000011ef9bb25
0x00007fff5e0b1110:   000000011eda34fa 000000011edaaa82
0x00007fff5e0b1120:   000000011ee958ad 000000011ee63f3b
0x00007fff5e0b1130:   000000011ee099d6 000000011f083e24
0x00007fff5e0b1140:   000000011f08974e 000000011f08a7da
0x00007fff5e0b1150:   000000011f0807f9 000000011ee62d80
0x00007fff5e0b1160:   000000010f9c5b28 000000010ff799d4
0x00007fff5e0b1170:   00007fff5e0b11d0 00007fffeafef60b
0x00007fff5e0b1180:   00007fff5e0b11d0 00007fffeafebedc
0x00007fff5e0b1190:   00007fff5e0b11d0 000000011f08ac42
0x00007fff5e0b11a0:   0000000499b94000 00000003be897000
0x00007fff5e0b11b0:   000000000a20fcb6 000000011febe5d0
0x00007fff5e0b11c0:   00007f9c085335d8 00007f9c085335c0
0x00007fff5e0b11d0:   00007fff5e0b12e0 000000011f08a4a2
0x00007fff5e0b11e0:   00007ffff3b7e000 0000000000000080
0x00007fff5e0b11f0:   000000015e0b1220 000000000a20fcb6
0x00007fff5e0b1200:   0000000000000000 000000011febe5d0
0x00007fff5e0b1210:   0000000000000000 0000000006d97e80
0x00007fff5e0b1220:   000000024126f800 000000000a20fcb6
0x00007fff5e0b1230:   00007f9c085335d8 000000011febe5d0
0x00007fff5e0b1240:   0000000000000000 4ad170004a0ca000
0x00007fff5e0b1250:   4400000044000000 000000011f0811a8
0x00007fff5e0b1260:   0000000000000001 ffffffff039c0a08
0x00007fff5e0b1270:   0000000000000000 4b1adb004a85f200 

Instructions: (pc=0x000000011f20379e)
0x000000011f20377e:   ff ff be 21 00 00 00 e8 1e fd 49 00 48 8d bd 00
0x000000011f20378e:   ff ff ff 8d 70 fe e8 d7 fe ff ff b8 ef be ad bb
0x000000011f20379e:   c7 00 00 00 00 00 0f 0b 66 2e 0f 1f 84 00 00 00
0x000000011f2037ae:   00 00 55 48 89 e5 48 81 ec 10 01 00 00 48 8b 05 

Register to memory mapping:

RAX=0x00000000bbadbeef is an unknown value
RBX=0x00000003be897000 is an unknown value
RCX=0x00001b0000001c03 is an unknown value
RDX=0x0000000000012068 is an unknown value
RSP=0x00007fff5e0b1080 is pointing into the stack for thread: 0x00007f9c03165000
RBP=0x00007fff5e0b1190 is pointing into the stack for thread: 0x00007f9c03165000
RSI=0x00000000007c1100 is an unknown value
RDI=0x0000000000000000 is an unknown value
R8 =0x0000000000000040 is an unknown value
R9 =0x00007ffff3b6c040: __sFX+0x1c0 in /usr/lib/system/libsystem_c.dylib at 0x00007fffeae9d000
R10=0xffffffffffffffff is an unknown value
R11=0x0000000000012068 is an unknown value
R12=0x000000000a20fcb6 is an unknown value
R13=0x0000000006d97e80 is an unknown value
R14=0x00007f9c085335d8 is an unknown value
R15=0x00007f9c085335d8 is an unknown value


Stack: [0x00007fff5d8b7000,0x00007fff5e0b7000],  sp=0x00007fff5e0b1080,  free space=8168k
Native frames: (J=compiled Java code, j=interpreted, Vv=VM code, C=native code)
C  [libjfxwebkit.dylib+0xe2e79e]  WTFCrash+0x3e
C  [libjfxwebkit.dylib+0xcb5c42]  WTF::Vector<WebCore::TextureMapperTile, 0ul, WTF::CrashOnOverflow>::reserveCapacity(unsigned long)+0x102
C  [libjfxwebkit.dylib+0xcb54a2]  WebCore::TextureMapperTiledBackingStore::createOrDestroyTilesIfNeeded(WebCore::FloatSize const&, WebCore::IntSize const&, bool)+0x602
C  [libjfxwebkit.dylib+0xcb57a7]  WebCore::TextureMapperTiledBackingStore::updateContents(WebCore::TextureMapper*, WebCore::GraphicsLayer*, WebCore::FloatSize const&, WebCore::IntRect const&, WebCore::BitmapTexture::UpdateContentsFlag)+0x47
C  [libjfxwebkit.dylib+0xcab7f9]  WebCore::GraphicsLayerTextureMapper::updateBackingStoreIfNeeded()+0xc9
C  [libjfxwebkit.dylib+0xcab94d]  WebCore::GraphicsLayerTextureMapper::flushCompositingState(WebCore::FloatRect const&)+0x2d
C  [libjfxwebkit.dylib+0xcab9a7]  WebCore::GraphicsLayerTextureMapper::flushCompositingState(WebCore::FloatRect const&)+0x87
C  [libjfxwebkit.dylib+0xcab9a7]  WebCore::GraphicsLayerTextureMapper::flushCompositingState(WebCore::FloatRect const&)+0x87
C  [libjfxwebkit.dylib+0xcab9a7]  WebCore::GraphicsLayerTextureMapper::flushCompositingState(WebCore::FloatRect const&)+0x87
C  [libjfxwebkit.dylib+0xcab9a7]  WebCore::GraphicsLayerTextureMapper::flushCompositingState(WebCore::FloatRect const&)+0x87
C  [libjfxwebkit.dylib+0xcab9a7]  WebCore::GraphicsLayerTextureMapper::flushCompositingState(WebCore::FloatRect const&)+0x87
C  [libjfxwebkit.dylib+0xcab9a7]  WebCore::GraphicsLayerTextureMapper::flushCompositingState(WebCore::FloatRect const&)+0x87
C  [libjfxwebkit.dylib+0xcab9a7]  WebCore::GraphicsLayerTextureMapper::flushCompositingState(WebCore::FloatRect const&)+0x87
C  [libjfxwebkit.dylib+0xcab9a7]  WebCore::GraphicsLayerTextureMapper::flushCompositingState(WebCore::FloatRect const&)+0x87
C  [libjfxwebkit.dylib+0xcab9a7]  WebCore::GraphicsLayerTextureMapper::flushCompositingState(WebCore::FloatRect const&)+0x87
C  [libjfxwebkit.dylib+0xcab9a7]  WebCore::GraphicsLayerTextureMapper::flushCompositingState(WebCore::FloatRect const&)+0x87
C  [libjfxwebkit.dylib+0xcab9a7]  WebCore::GraphicsLayerTextureMapper::flushCompositingState(WebCore::FloatRect const&)+0x87
C  [libjfxwebkit.dylib+0xbc6b25]  WebCore::RenderLayerCompositor::flushPendingLayerChanges(bool)+0xd5
C  [libjfxwebkit.dylib+0x9ce4fa]  WebCore::FrameView::flushCompositingStateForThisFrame(WebCore::Frame*)+0x9a
C  [libjfxwebkit.dylib+0x9d5a82]  WebCore::FrameView::paintContents(WebCore::GraphicsContext*, WebCore::IntRect const&)+0x102
C  [libjfxwebkit.dylib+0xac08ad]  WebCore::ScrollView::paint(WebCore::GraphicsContext*, WebCore::IntRect const&)+0x23d
C  [libjfxwebkit.dylib+0xa8ef3b]  WebCore::WebPage::paintContents(WebCore::GraphicsLayer const*, WebCore::GraphicsContext&, unsigned int, WebCore::FloatRect const&)+0x5b
C  [libjfxwebkit.dylib+0xa349d6]  WebCore::GraphicsLayer::paintGraphicsLayerContents(WebCore::GraphicsContext&, WebCore::IntRect const&)+0xb6
C  [libjfxwebkit.dylib+0xcaee24]  WebCore::BitmapTextureImageBuffer::updateContents(WebCore::TextureMapper*, WebCore::GraphicsLayer*, WebCore::IntRect const&, WebCore::IntPoint const&, WebCore::BitmapTexture::UpdateContentsFlag)+0x94
C  [libjfxwebkit.dylib+0xcb474e]  WebCore::TextureMapperTile::updateContents(WebCore::TextureMapper*, WebCore::GraphicsLayer*, WebCore::IntRect const&, WebCore::BitmapTexture::UpdateContentsFlag)+0x12e
C  [libjfxwebkit.dylib+0xcb57da]  WebCore::TextureMapperTiledBackingStore::updateContents(WebCore::TextureMapper*, WebCore::GraphicsLayer*, WebCore::FloatSize const&, WebCore::IntRect const&, WebCore::BitmapTexture::UpdateContentsFlag)+0x7a
C  [libjfxwebkit.dylib+0xcab7f9]  WebCore::GraphicsLayerTextureMapper::updateBackingStoreIfNeeded()+0xc9
C  [libjfxwebkit.dylib+0xa8dd80]  WebCore::WebPage::prePaint()+0x40
J 5301  com.sun.webkit.WebPage.twkPrePaint(J)V (0 bytes) @ 0x000000010f9c5b28 [0x000000010f9c5a80+0xa8]
J 5065 C1 com.sun.webkit.WebPage.updateDirty(Lcom/sun/webkit/graphics/WCRectangle;)V (612 bytes) @ 0x000000010ff799d4 [0x000000010ff78b60+0xe74]
J 5064 C1 com.sun.webkit.WebPage.updateContent(Lcom/sun/webkit/graphics/WCRectangle;)V (66 bytes) @ 0x000000010f933194 [0x000000010f932960+0x834]
J 5670 C2 javafx.scene.web.WebView$$Lambda$89.pulse()V (8 bytes) @ 0x00000001103805c8 [0x000000011037fca0+0x928]
J 4647 C2 com.sun.javafx.tk.Toolkit$$Lambda$304.run()Ljava/lang/Object; (8 bytes) @ 0x00000001100aa028 [0x00000001100a9fe0+0x48]
v  ~StubRoutines::call_stub
V  [libjvm.dylib+0x2ecf06]  JavaCalls::call_helper(JavaValue*, methodHandle*, JavaCallArguments*, Thread*)+0x6ae
V  [libjvm.dylib+0x34d69c]  JVM_DoPrivileged+0x4b8
J 1854  java.security.AccessController.doPrivileged(Ljava/security/PrivilegedAction;Ljava/security/AccessControlContext;)Ljava/lang/Object; (0 bytes) @ 0x000000010f9b1ad5 [0x000000010f9b1a00+0xd5]
J 4912 C2 com.sun.javafx.tk.Toolkit.firePulse()V (279 bytes) @ 0x00000001101c8c7c [0x00000001101c8120+0xb5c]
J 5641 C2 com.sun.javafx.tk.quantum.QuantumToolkit.pulse(Z)V (164 bytes) @ 0x000000011035adb8 [0x000000011035a740+0x678]
J 5642 C2 com.sun.javafx.tk.quantum.QuantumToolkit$$Lambda$41.run()V (8 bytes) @ 0x000000010fd38fa4 [0x000000010fd38f60+0x44]
J 5034 C2 com.sun.glass.ui.InvokeLaterDispatcher$Future.run()V (91 bytes) @ 0x000000010fc425ac [0x000000010fc42560+0x4c]
v  ~StubRoutines::call_stub
V  [libjvm.dylib+0x2ecf06]  JavaCalls::call_helper(JavaValue*, methodHandle*, JavaCallArguments*, Thread*)+0x6ae
V  [libjvm.dylib+0x324111]  jni_invoke_nonstatic(JNIEnv_*, JavaValue*, _jobject*, JNICallType, _jmethodID*, JNI_ArgumentPusher*, Thread*)+0x2ec
V  [libjvm.dylib+0x3168df]  jni_CallVoidMethod+0x16b
C  [libglass.dylib+0x459b]  -[GlassRunnable run]+0x6b
C  [Foundation+0x71f2a]  __NSThreadPerformPerform+0x146
C  [CoreFoundation+0xa74b1]  __CFRUNLOOP_IS_CALLING_OUT_TO_A_SOURCE0_PERFORM_FUNCTION__+0x11
C  [CoreFoundation+0x8861d]  __CFRunLoopDoSources0+0x22d
C  [CoreFoundation+0x87b16]  __CFRunLoopRun+0x3a6
C  [CoreFoundation+0x87514]  CFRunLoopRunSpecific+0x1a4
C  [HIToolbox+0x30fbc]  RunCurrentEventLoopInMode+0xf0
C  [HIToolbox+0x30df1]  ReceiveNextEventCommon+0x1b0
C  [HIToolbox+0x30c26]  _BlockUntilNextEventMatchingListInModeWithFilter+0x47
C  [AppKit+0x46b79]  _DPSNextEvent+0x445
C  [AppKit+0x75c1c3]  -[NSApplication(NSEvent) _nextEventMatchingEventMask:untilDate:inMode:dequeue:]+0x665
C  [AppKit+0x3b53d]  -[NSApplication run]+0x39e
C  [libglass.dylib+0x654c]  -[GlassApplication runLoop:]+0x72c
C  [Foundation+0x71f2a]  __NSThreadPerformPerform+0x146
C  [CoreFoundation+0xa74b1]  __CFRUNLOOP_IS_CALLING_OUT_TO_A_SOURCE0_PERFORM_FUNCTION__+0x11
C  [CoreFoundation+0x8861d]  __CFRunLoopDoSources0+0x22d
C  [CoreFoundation+0x87b16]  __CFRunLoopRun+0x3a6
C  [CoreFoundation+0x87514]  CFRunLoopRunSpecific+0x1a4
C  [java+0x6465]  CreateExecutionEnvironment+0x367
C  [java+0x218c]  JLI_Launch+0x7a0
C  [java+0x84c2]  main+0x65
C  [java+0x19e4]  start+0x34
C  0x0000000000000005

Java frames: (J=compiled Java code, j=interpreted, Vv=VM code)
J 5301  com.sun.webkit.WebPage.twkPrePaint(J)V (0 bytes) @ 0x000000010f9c5ab8 [0x000000010f9c5a80+0x38]
J 5065 C1 com.sun.webkit.WebPage.updateDirty(Lcom/sun/webkit/graphics/WCRectangle;)V (612 bytes) @ 0x000000010ff799d4 [0x000000010ff78b60+0xe74]
J 5064 C1 com.sun.webkit.WebPage.updateContent(Lcom/sun/webkit/graphics/WCRectangle;)V (66 bytes) @ 0x000000010f933194 [0x000000010f932960+0x834]
J 5670 C2 javafx.scene.web.WebView$$Lambda$89.pulse()V (8 bytes) @ 0x00000001103805c8 [0x000000011037fca0+0x928]
J 4647 C2 com.sun.javafx.tk.Toolkit$$Lambda$304.run()Ljava/lang/Object; (8 bytes) @ 0x00000001100aa028 [0x00000001100a9fe0+0x48]
v  ~StubRoutines::call_stub
J 1854  java.security.AccessController.doPrivileged(Ljava/security/PrivilegedAction;Ljava/security/AccessControlContext;)Ljava/lang/Object; (0 bytes) @ 0x000000010f9b1a63 [0x000000010f9b1a00+0x63]
J 4912 C2 com.sun.javafx.tk.Toolkit.firePulse()V (279 bytes) @ 0x00000001101c8c7c [0x00000001101c8120+0xb5c]
J 5641 C2 com.sun.javafx.tk.quantum.QuantumToolkit.pulse(Z)V (164 bytes) @ 0x000000011035adb8 [0x000000011035a740+0x678]
J 5642 C2 com.sun.javafx.tk.quantum.QuantumToolkit$$Lambda$41.run()V (8 bytes) @ 0x000000010fd38fa4 [0x000000010fd38f60+0x44]
J 5034 C2 com.sun.glass.ui.InvokeLaterDispatcher$Future.run()V (91 bytes) @ 0x000000010fc425ac [0x000000010fc42560+0x4c]
v  ~StubRoutines::call_stub

---------------  P R O C E S S  ---------------

Java Threads: ( => current thread )
  0x00007f9c03436000 JavaThread "Watchdog-Timer-1" daemon [_thread_blocked, id=33039, stack(0x0000700008f7f000,0x000070000907f000)]
  0x00007f9c040c5000 JavaThread "Prism Font Disposer" daemon [_thread_blocked, id=58971, stack(0x0000700008af0000,0x0000700008bf0000)]
  0x00007f9c04864800 JavaThread "Disposer" daemon [_thread_blocked, id=55559, stack(0x00007000087e7000,0x00007000088e7000)]
  0x00007f9c04884000 JavaThread "JavaFX-Launcher" [_thread_blocked, id=51971, stack(0x0000700008661000,0x0000700008761000)]
  0x00007f9c031d0800 JavaThread "Thread-3" daemon [_thread_in_native, id=37379, stack(0x000070000855b000,0x00007000085db000)]
=>0x00007f9c03165000 JavaThread "JavaFX Application Thread" [_thread_in_native, id=775, stack(0x00007fff5d8b7000,0x00007fff5e0b7000)]
  0x00007f9c03168000 JavaThread "Thread-1" daemon [_thread_blocked, id=25095, stack(0x00007000083d5000,0x00007000084d5000)]
  0x00007f9c0311e000 JavaThread "QuantumRenderer-0" daemon [_thread_blocked, id=19715, stack(0x00007000082d2000,0x00007000083d2000)]
  0x00007f9c04057800 JavaThread "Service Thread" daemon [_thread_blocked, id=18691, stack(0x00007000080cc000,0x00007000081cc000)]
  0x00007f9c04036800 JavaThread "C1 CompilerThread2" daemon [_thread_blocked, id=18179, stack(0x0000700007fc9000,0x00007000080c9000)]
  0x00007f9c04032800 JavaThread "C2 CompilerThread1" daemon [_thread_blocked, id=17667, stack(0x0000700007ec6000,0x0000700007fc6000)]
  0x00007f9c03060800 JavaThread "C2 CompilerThread0" daemon [_thread_blocked, id=17155, stack(0x0000700007dc3000,0x0000700007ec3000)]
  0x00007f9c03049800 JavaThread "Signal Dispatcher" daemon [_thread_blocked, id=16643, stack(0x0000700007cc0000,0x0000700007dc0000)]
  0x00007f9c04808800 JavaThread "Finalizer" daemon [_thread_blocked, id=12547, stack(0x0000700007bbd000,0x0000700007cbd000)]
  0x00007f9c03031000 JavaThread "Reference Handler" daemon [_thread_blocked, id=12035, stack(0x0000700007aba000,0x0000700007bba000)]
  0x00007f9c04005800 JavaThread "main" [_thread_blocked, id=7171, stack(0x00007000074a8000,0x00007000075a8000)]

Other Threads:
  0x00007f9c03030800 VMThread [stack: 0x00007000079b7000,0x0000700007ab7000] [id=11523]
  0x00007f9c0480c000 WatcherThread [stack: 0x00007000081cf000,0x00007000082cf000] [id=19203]

VM state:not at safepoint (normal execution)

VM Mutex/Monitor currently owned by a thread: None

Heap:
 PSYoungGen      total 42496K, used 38297K [0x00000007aab00000, 0x00000007ae200000, 0x00000007c0000000)
  eden space 30208K, 95% used [0x00000007aab00000,0x00000007ac727fc0,0x00000007ac880000)
  from space 12288K, 77% used [0x00000007ad500000,0x00000007ade3e530,0x00000007ae100000)
  to   space 12800K, 0% used [0x00000007ac880000,0x00000007ac880000,0x00000007ad500000)
 ParOldGen       total 40448K, used 12257K [0x0000000780000000, 0x0000000782780000, 0x00000007aab00000)
  object space 40448K, 30% used [0x0000000780000000,0x0000000780bf87c0,0x0000000782780000)
 Metaspace       used 25558K, capacity 27018K, committed 27392K, reserved 1073152K
  class space    used 3414K, capacity 3733K, committed 3840K, reserved 1048576K

Card table byte_map: [0x0000000103792000,0x0000000103993000] byte_map_base: 0x00000000ffb92000

Marking Bits: (ParMarkBitMap*) 0x0000000102cedd20
 Begin Bits: [0x0000000103ae9000, 0x0000000104ae9000)
 End Bits:   [0x0000000104ae9000, 0x0000000105ae9000)

Polling page: 0x0000000101bd4000

CodeCache: size=245760Kb used=16147Kb max_used=16187Kb free=229612Kb
 bounds [0x000000010f3d5000, 0x00000001103e5000, 0x000000011e3d5000]
 total_blobs=5828 nmethods=5039 adapters=699
 compilation: enabled

Compilation events (10 events):
Event: 137.379 Thread 0x00007f9c04032800 nmethod 5876 0x000000010fa83b10 code [0x000000010fa83dc0, 0x000000010fa870d0]
Event: 137.399 Thread 0x00007f9c04032800 5878       4       com.sun.javafx.event.EventDispatchChainImpl::reset (44 bytes)
Event: 137.406 Thread 0x00007f9c04032800 nmethod 5878 0x000000010fcbb450 code [0x000000010fcbb5a0, 0x000000010fcbb698]
Event: 137.717 Thread 0x00007f9c03060800 nmethod 5841 0x00000001103c7810 code [0x00000001103c84a0, 0x00000001103d0960]
Event: 147.044 Thread 0x00007f9c04036800 5880       3       java.lang.Throwable::<init> (34 bytes)
Event: 147.050 Thread 0x00007f9c04036800 nmethod 5880 0x000000010fde74d0 code [0x000000010fde7660, 0x000000010fde7c08]
Event: 147.050 Thread 0x00007f9c04036800 5881       3       java.util.concurrent.locks.AbstractQueuedSynchronizer$ConditionObject::unlinkCancelledWaiters (67 bytes)
Event: 147.051 Thread 0x00007f9c04036800 nmethod 5881 0x000000010f6535d0 code [0x000000010f653740, 0x000000010f653ab0]
Event: 147.200 Thread 0x00007f9c04036800 5882       3       java.util.concurrent.ThreadPoolExecutor::runStateLessThan (11 bytes)
Event: 147.200 Thread 0x00007f9c04036800 nmethod 5882 0x000000010f6ec850 code [0x000000010f6ec9c0, 0x000000010f6ecb50]

GC Heap History (10 events):
Event: 25.847 GC heap before
{Heap before GC invocations=9 (full 1):
 PSYoungGen      total 28672K, used 28640K [0x00000007aab00000, 0x00000007ad680000, 0x00000007c0000000)
  eden space 20992K, 100% used [0x00000007aab00000,0x00000007abf80000,0x00000007abf80000)
  from space 7680K, 99% used [0x00000007abf80000,0x00000007ac6f8310,0x00000007ac700000)
  to   space 9216K, 0% used [0x00000007acd80000,0x00000007acd80000,0x00000007ad680000)
 ParOldGen       total 40448K, used 12225K [0x0000000780000000, 0x0000000782780000, 0x00000007aab00000)
  object space 40448K, 30% used [0x0000000780000000,0x0000000780bf07a0,0x0000000782780000)
 Metaspace       used 24682K, capacity 26168K, committed 26240K, reserved 1071104K
  class space    used 3396K, capacity 3694K, committed 3712K, reserved 1048576K
Event: 25.857 GC heap after
Heap after GC invocations=9 (full 1):
 PSYoungGen      total 34304K, used 8493K [0x00000007aab00000, 0x00000007ad880000, 0x00000007c0000000)
  eden space 25088K, 0% used [0x00000007aab00000,0x00000007aab00000,0x00000007ac380000)
  from space 9216K, 92% used [0x00000007acd80000,0x00000007ad5cb440,0x00000007ad680000)
  to   space 10240K, 0% used [0x00000007ac380000,0x00000007ac380000,0x00000007acd80000)
 ParOldGen       total 40448K, used 12233K [0x0000000780000000, 0x0000000782780000, 0x00000007aab00000)
  object space 40448K, 30% used [0x0000000780000000,0x0000000780bf27a0,0x0000000782780000)
 Metaspace       used 24682K, capacity 26168K, committed 26240K, reserved 1071104K
  class space    used 3396K, capacity 3694K, committed 3712K, reserved 1048576K
}
Event: 85.766 GC heap before
{Heap before GC invocations=10 (full 1):
 PSYoungGen      total 34304K, used 33581K [0x00000007aab00000, 0x00000007ad880000, 0x00000007c0000000)
  eden space 25088K, 100% used [0x00000007aab00000,0x00000007ac380000,0x00000007ac380000)
  from space 9216K, 92% used [0x00000007acd80000,0x00000007ad5cb440,0x00000007ad680000)
  to   space 10240K, 0% used [0x00000007ac380000,0x00000007ac380000,0x00000007acd80000)
 ParOldGen       total 40448K, used 12233K [0x0000000780000000, 0x0000000782780000, 0x00000007aab00000)
  object space 40448K, 30% used [0x0000000780000000,0x0000000780bf27a0,0x0000000782780000)
 Metaspace       used 25180K, capacity 26626K, committed 26880K, reserved 1073152K
  class space    used 3414K, capacity 3733K, committed 3840K, reserved 1048576K
Event: 85.787 GC heap after
Heap after GC invocations=10 (full 1):
 PSYoungGen      total 35328K, used 8741K [0x00000007aab00000, 0x00000007adc80000, 0x00000007c0000000)
  eden space 25088K, 0% used [0x00000007aab00000,0x00000007aab00000,0x00000007ac380000)
  from space 10240K, 85% used [0x00000007ac380000,0x00000007acc096a0,0x00000007acd80000)
  to   space 11264K, 0% used [0x00000007ad180000,0x00000007ad180000,0x00000007adc80000)
 ParOldGen       total 40448K, used 12241K [0x0000000780000000, 0x0000000782780000, 0x00000007aab00000)
  object space 40448K, 30% used [0x0000000780000000,0x0000000780bf47a0,0x0000000782780000)
 Metaspace       used 25180K, capacity 26626K, committed 26880K, reserved 1073152K
  class space    used 3414K, capacity 3733K, committed 3840K, reserved 1048576K
}
Event: 96.342 GC heap before
{Heap before GC invocations=11 (full 1):
 PSYoungGen      total 35328K, used 33829K [0x00000007aab00000, 0x00000007adc80000, 0x00000007c0000000)
  eden space 25088K, 100% used [0x00000007aab00000,0x00000007ac380000,0x00000007ac380000)
  from space 10240K, 85% used [0x00000007ac380000,0x00000007acc096a0,0x00000007acd80000)
  to   space 11264K, 0% used [0x00000007ad180000,0x00000007ad180000,0x00000007adc80000)
 ParOldGen       total 40448K, used 12241K [0x0000000780000000, 0x0000000782780000, 0x00000007aab00000)
  object space 40448K, 30% used [0x0000000780000000,0x0000000780bf47a0,0x0000000782780000)
 Metaspace       used 25404K, capacity 26890K, committed 27136K, reserved 1073152K
  class space    used 3414K, capacity 3733K, committed 3840K, reserved 1048576K
Event: 96.355 GC heap after
Heap after GC invocations=11 (full 1):
 PSYoungGen      total 38912K, used 9025K [0x00000007aab00000, 0x00000007add80000, 0x00000007c0000000)
  eden space 27648K, 0% used [0x00000007aab00000,0x00000007aab00000,0x00000007ac600000)
  from space 11264K, 80% used [0x00000007ad180000,0x00000007ada506d0,0x00000007adc80000)
  to   space 11776K, 0% used [0x00000007ac600000,0x00000007ac600000,0x00000007ad180000)
 ParOldGen       total 40448K, used 12249K [0x0000000780000000, 0x0000000782780000, 0x00000007aab00000)
  object space 40448K, 30% used [0x0000000780000000,0x0000000780bf67a0,0x0000000782780000)
 Metaspace       used 25404K, capacity 26890K, committed 27136K, reserved 1073152K
  class space    used 3414K, capacity 3733K, committed 3840K, reserved 1048576K
}
Event: 99.243 GC heap before
{Heap before GC invocations=12 (full 1):
 PSYoungGen      total 38912K, used 36673K [0x00000007aab00000, 0x00000007add80000, 0x00000007c0000000)
  eden space 27648K, 100% used [0x00000007aab00000,0x00000007ac600000,0x00000007ac600000)
  from space 11264K, 80% used [0x00000007ad180000,0x00000007ada506d0,0x00000007adc80000)
  to   space 11776K, 0% used [0x00000007ac600000,0x00000007ac600000,0x00000007ad180000)
 ParOldGen       total 40448K, used 12249K [0x0000000780000000, 0x0000000782780000, 0x00000007aab00000)
  object space 40448K, 30% used [0x0000000780000000,0x0000000780bf67a0,0x0000000782780000)
 Metaspace       used 25457K, capacity 26954K, committed 27136K, reserved 1073152K
  class space    used 3414K, capacity 3733K, committed 3840K, reserved 1048576K
Event: 99.252 GC heap after
Heap after GC invocations=12 (full 1):
 PSYoungGen      total 39424K, used 9643K [0x00000007aab00000, 0x00000007ae100000, 0x00000007c0000000)
  eden space 27648K, 0% used [0x00000007aab00000,0x00000007aab00000,0x00000007ac600000)
  from space 11776K, 81% used [0x00000007ac600000,0x00000007acf6ac40,0x00000007ad180000)
  to   space 12288K, 0% used [0x00000007ad500000,0x00000007ad500000,0x00000007ae100000)
 ParOldGen       total 40448K, used 12257K [0x0000000780000000, 0x0000000782780000, 0x00000007aab00000)
  object space 40448K, 30% used [0x0000000780000000,0x0000000780bf87a0,0x0000000782780000)
 Metaspace       used 25457K, capacity 26954K, committed 27136K, reserved 1073152K
  class space    used 3414K, capacity 3733K, committed 3840K, reserved 1048576K
}
Event: 103.363 GC heap before
{Heap before GC invocations=13 (full 1):
 PSYoungGen      total 39424K, used 37291K [0x00000007aab00000, 0x00000007ae100000, 0x00000007c0000000)
  eden space 27648K, 100% used [0x00000007aab00000,0x00000007ac600000,0x00000007ac600000)
  from space 11776K, 81% used [0x00000007ac600000,0x00000007acf6ac40,0x00000007ad180000)
  to   space 12288K, 0% used [0x00000007ad500000,0x00000007ad500000,0x00000007ae100000)
 ParOldGen       total 40448K, used 12257K [0x0000000780000000, 0x0000000782780000, 0x00000007aab00000)
  object space 40448K, 30% used [0x0000000780000000,0x0000000780bf87c0,0x0000000782780000)
 Metaspace       used 25500K, capacity 26954K, committed 27136K, reserved 1073152K
  class space    used 3414K, capacity 3733K, committed 3840K, reserved 1048576K
Event: 103.373 GC heap after
Heap after GC invocations=13 (full 1):
 PSYoungGen      total 42496K, used 9465K [0x00000007aab00000, 0x00000007ae200000, 0x00000007c0000000)
  eden space 30208K, 0% used [0x00000007aab00000,0x00000007aab00000,0x00000007ac880000)
  from space 12288K, 77% used [0x00000007ad500000,0x00000007ade3e530,0x00000007ae100000)
  to   space 12800K, 0% used [0x00000007ac880000,0x00000007ac880000,0x00000007ad500000)
 ParOldGen       total 40448K, used 12257K [0x0000000780000000, 0x0000000782780000, 0x00000007aab00000)
  object space 40448K, 30% used [0x0000000780000000,0x0000000780bf87c0,0x0000000782780000)
 Metaspace       used 25500K, capacity 26954K, committed 27136K, reserved 1073152K
  class space    used 3414K, capacity 3733K, committed 3840K, reserved 1048576K
}

Deoptimization events (10 events):
Event: 43.165 Thread 0x00007f9c03165000 Uncommon trap: reason=bimorphic action=maybe_recompile pc=0x000000010fd72878 method=javafx.beans.property.BooleanPropertyBase.get()Z @ 23
Event: 43.181 Thread 0x00007f9c0311e000 Uncommon trap: reason=unstable_if action=reinterpret pc=0x000000010feaff84 method=com.sun.prism.es2.ES2Shader.setMatrix(Ljava/lang/String;[F)V @ 19
Event: 55.007 Thread 0x00007f9c0311e000 Uncommon trap: reason=class_check action=maybe_recompile pc=0x000000010f941480 method=com.sun.javafx.font.CompositeStrike.getStrikeSlot(I)Lcom/sun/javafx/font/FontStrike; @ 16
Event: 69.174 Thread 0x00007f9c03165000 Uncommon trap: reason=unstable_if action=reinterpret pc=0x000000011003f6a4 method=com.sun.webkit.WebPage.addDirtyRect(Lcom/sun/webkit/graphics/WCRectangle;)V @ 6
Event: 72.780 Thread 0x00007f9c0311e000 Uncommon trap: reason=unstable_if action=reinterpret pc=0x000000010ff693c0 method=com.sun.javafx.webkit.prism.WCGraphicsPrismContext.drawImage(Lcom/sun/webkit/graphics/WCImage;FFFFFFFF)V @ 110
Event: 95.125 Thread 0x00007f9c0311e000 Uncommon trap: reason=unstable_if action=reinterpret pc=0x000000010fcbc858 method=com.sun.scenario.effect.impl.ImagePool.checkOut(Lcom/sun/scenario/effect/impl/Renderer;II)Lcom/sun/scenario/effect/impl/PoolFilterable; @ 201
Event: 107.943 Thread 0x00007f9c0311e000 Uncommon trap: reason=unstable_if action=reinterpret pc=0x000000010fea6a60 method=com.sun.javafx.webkit.prism.WCGraphicsPrismContext.restoreStateInternal()V @ 11
Event: 107.943 Thread 0x00007f9c0311e000 Uncommon trap: reason=unstable_if action=reinterpret pc=0x000000010fe96c6c method=com.sun.javafx.webkit.prism.WCGraphicsPrismContext.restoreStateInternal()V @ 11
Event: 114.686 Thread 0x00007f9c03165000 Uncommon trap: reason=unstable_if action=reinterpret pc=0x000000010ff1ef50 method=java.util.LinkedList.node(I)Ljava/util/LinkedList$Node; @ 19
Event: 136.821 Thread 0x00007f9c0a214800 Uncommon trap: reason=predicate action=maybe_recompile pc=0x000000010fd3e430 method=java.util.regex.Pattern$Slice.match(Ljava/util/regex/Matcher;ILjava/lang/CharSequence;)Z @ 21

Internal exceptions (10 events):
Event: 109.444 Thread 0x00007f9c0311e000 Implicit null exception at 0x00000001103850c7 to 0x000000011038520c
Event: 109.444 Thread 0x00007f9c0311e000 Exception <a 'java/lang/NullPointerException'> (0x00000007aaee0ec0) thrown at [/HUDSON3/workspace/8-2-build-macosx-x86_64/jdk8u101/7261/hotspot/src/share/vm/runtime/sharedRuntime.cpp, line 605]
Event: 111.484 Thread 0x00007f9c0311e000 Implicit null exception at 0x000000010f4f69fe to 0x000000010f4f6a3d
Event: 111.484 Thread 0x00007f9c0311e000 Exception <a 'java/lang/NullPointerException'> (0x00000007aaee8900) thrown at [/HUDSON3/workspace/8-2-build-macosx-x86_64/jdk8u101/7261/hotspot/src/share/vm/runtime/sharedRuntime.cpp, line 605]
Event: 111.484 Thread 0x00007f9c0311e000 Implicit null exception at 0x00000001103850c7 to 0x000000011038520c
Event: 111.484 Thread 0x00007f9c0311e000 Exception <a 'java/lang/NullPointerException'> (0x00000007aaee8ec0) thrown at [/HUDSON3/workspace/8-2-build-macosx-x86_64/jdk8u101/7261/hotspot/src/share/vm/runtime/sharedRuntime.cpp, line 605]
Event: 113.054 Thread 0x00007f9c0311e000 Implicit null exception at 0x00000001103850c7 to 0x000000011038520c
Event: 113.054 Thread 0x00007f9c0311e000 Exception <a 'java/lang/NullPointerException'> (0x00000007aaef4178) thrown at [/HUDSON3/workspace/8-2-build-macosx-x86_64/jdk8u101/7261/hotspot/src/share/vm/runtime/sharedRuntime.cpp, line 605]
Event: 113.054 Thread 0x00007f9c0311e000 Implicit null exception at 0x00000001103850c7 to 0x000000011038520c
Event: 113.054 Thread 0x00007f9c0311e000 Exception <a 'java/lang/NullPointerException'> (0x00000007aaef4738) thrown at [/HUDSON3/workspace/8-2-build-macosx-x86_64/jdk8u101/7261/hotspot/src/share/vm/runtime/sharedRuntime.cpp, line 605]

Events (10 events):
Event: 147.129 Thread 0x00007f9c0a21f800 Thread exited: 0x00007f9c0a21f800
Event: 147.142 Thread 0x00007f9c0ab06800 Thread exited: 0x00007f9c0ab06800
Event: 147.154 Thread 0x00007f9c0a248800 Thread exited: 0x00007f9c0a248800
Event: 147.170 Thread 0x00007f9c036d7000 Thread exited: 0x00007f9c036d7000
Event: 147.177 Thread 0x00007f9c0ab06000 Thread exited: 0x00007f9c0ab06000
Event: 147.189 Thread 0x00007f9c0a322800 Thread exited: 0x00007f9c0a322800
Event: 147.189 Thread 0x00007f9c0ab05000 Thread exited: 0x00007f9c0ab05000
Event: 147.200 Thread 0x00007f9c037a8000 Thread exited: 0x00007f9c037a8000
Event: 147.208 Thread 0x00007f9c0a230800 Thread exited: 0x00007f9c0a230800
Event: 147.211 Thread 0x00007f9c03857800 Thread exited: 0x00007f9c03857800


Dynamic libraries:
0x0000000060b88000 	/System/Library/Frameworks/Cocoa.framework/Versions/A/Cocoa
0x0000000060b88000 	/System/Library/Frameworks/Security.framework/Versions/A/Security
0x0000000060b88000 	/System/Library/Frameworks/ApplicationServices.framework/Versions/A/ApplicationServices
0x0000000060b88000 	/usr/lib/libz.1.dylib
0x0000000060b88000 	/usr/lib/libSystem.B.dylib
0x0000000060b88000 	/usr/lib/libobjc.A.dylib
0x0000000060b88000 	/System/Library/Frameworks/CoreFoundation.framework/Versions/A/CoreFoundation
0x0000000060b88000 	/System/Library/Frameworks/Foundation.framework/Versions/C/Foundation
0x0000000060b88000 	/System/Library/Frameworks/AppKit.framework/Versions/C/AppKit
0x0000000060b88000 	/System/Library/Frameworks/CoreData.framework/Versions/A/CoreData
0x0000000060b88000 	/System/Library/PrivateFrameworks/RemoteViewServices.framework/Versions/A/RemoteViewServices
0x0000000060b88000 	/System/Library/PrivateFrameworks/UIFoundation.framework/Versions/A/UIFoundation
0x0000000060b88000 	/usr/lib/libenergytrace.dylib
0x0000000060b88000 	/System/Library/PrivateFrameworks/SkyLight.framework/Versions/A/SkyLight
0x0000000060b88000 	/System/Library/Frameworks/CoreGraphics.framework/Versions/A/CoreGraphics
0x0000000060b88000 	/usr/lib/libScreenReader.dylib
0x0000000060b88000 	/System/Library/Frameworks/Accelerate.framework/Versions/A/Accelerate
0x0000000060b88000 	/System/Library/Frameworks/IOSurface.framework/Versions/A/IOSurface
0x0000000060b88000 	/System/Library/Frameworks/AudioToolbox.framework/Versions/A/AudioToolbox
0x0000000060b88000 	/System/Library/Frameworks/AudioUnit.framework/Versions/A/AudioUnit
0x0000000060b88000 	/System/Library/PrivateFrameworks/DataDetectorsCore.framework/Versions/A/DataDetectorsCore
0x0000000060b88000 	/System/Library/PrivateFrameworks/DesktopServicesPriv.framework/Versions/A/DesktopServicesPriv
0x0000000060b88000 	/System/Library/Frameworks/Carbon.framework/Versions/A/Frameworks/HIToolbox.framework/Versions/A/HIToolbox
0x0000000060b88000 	/usr/lib/libicucore.A.dylib
0x0000000060b88000 	/System/Library/Frameworks/QuartzCore.framework/Versions/A/QuartzCore
0x0000000060b88000 	/System/Library/Frameworks/Carbon.framework/Versions/A/Frameworks/SpeechRecognition.framework/Versions/A/SpeechRecognition
0x0000000060b88000 	/usr/lib/libauto.dylib
0x0000000060b88000 	/usr/lib/libxml2.2.dylib
0x0000000060b88000 	/System/Library/PrivateFrameworks/CoreUI.framework/Versions/A/CoreUI
0x0000000060b88000 	/System/Library/Frameworks/CoreAudio.framework/Versions/A/CoreAudio
0x0000000060b88000 	/System/Library/Frameworks/DiskArbitration.framework/Versions/A/DiskArbitration
0x0000000060b88000 	/usr/lib/liblangid.dylib
0x0000000060b88000 	/System/Library/PrivateFrameworks/MultitouchSupport.framework/Versions/A/MultitouchSupport
0x0000000060b88000 	/System/Library/Frameworks/IOKit.framework/Versions/A/IOKit
0x0000000060b88000 	/usr/lib/libDiagnosticMessagesClient.dylib
0x0000000060b88000 	/System/Library/Frameworks/CoreServices.framework/Versions/A/CoreServices
0x0000000060b88000 	/System/Library/PrivateFrameworks/PerformanceAnalysis.framework/Versions/A/PerformanceAnalysis
0x0000000060b88000 	/System/Library/PrivateFrameworks/GenerationalStorage.framework/Versions/A/GenerationalStorage
0x0000000060b88000 	/System/Library/Frameworks/OpenGL.framework/Versions/A/OpenGL
0x0000000060b88000 	/System/Library/Frameworks/CoreImage.framework/Versions/A/CoreImage
0x0000000060b88000 	/System/Library/Frameworks/CoreText.framework/Versions/A/CoreText
0x0000000060b88000 	/System/Library/Frameworks/ImageIO.framework/Versions/A/ImageIO
0x0000000060b88000 	/System/Library/PrivateFrameworks/Backup.framework/Versions/A/Backup
0x0000000060b88000 	/usr/lib/libarchive.2.dylib
0x0000000060b88000 	/System/Library/Frameworks/CFNetwork.framework/Versions/A/CFNetwork
0x0000000060b88000 	/System/Library/Frameworks/SystemConfiguration.framework/Versions/A/SystemConfiguration
0x0000000060b88000 	/usr/lib/libCRFSuite.dylib
0x0000000060b88000 	/usr/lib/libc++.1.dylib
0x0000000060b88000 	/usr/lib/libc++abi.dylib
0x0000000060b88000 	/usr/lib/system/libcache.dylib
0x0000000060b88000 	/usr/lib/system/libcommonCrypto.dylib
0x0000000060b88000 	/usr/lib/system/libcompiler_rt.dylib
0x0000000060b88000 	/usr/lib/system/libcopyfile.dylib
0x0000000060b88000 	/usr/lib/system/libcorecrypto.dylib
0x0000000060b88000 	/usr/lib/system/libdispatch.dylib
0x0000000060b88000 	/usr/lib/system/libdyld.dylib
0x0000000060b88000 	/usr/lib/system/libkeymgr.dylib
0x0000000060b88000 	/usr/lib/system/liblaunch.dylib
0x0000000060b88000 	/usr/lib/system/libmacho.dylib
0x0000000060b88000 	/usr/lib/system/libquarantine.dylib
0x0000000060b88000 	/usr/lib/system/libremovefile.dylib
0x0000000060b88000 	/usr/lib/system/libsystem_asl.dylib
0x0000000060b88000 	/usr/lib/system/libsystem_blocks.dylib
0x0000000060b88000 	/usr/lib/system/libsystem_c.dylib
0x0000000060b88000 	/usr/lib/system/libsystem_configuration.dylib
0x0000000060b88000 	/usr/lib/system/libsystem_coreservices.dylib
0x0000000060b88000 	/usr/lib/system/libsystem_coretls.dylib
0x0000000060b88000 	/usr/lib/system/libsystem_dnssd.dylib
0x0000000060b88000 	/usr/lib/system/libsystem_info.dylib
0x0000000060b88000 	/usr/lib/system/libsystem_kernel.dylib
0x0000000060b88000 	/usr/lib/system/libsystem_m.dylib
0x0000000060b88000 	/usr/lib/system/libsystem_malloc.dylib
0x0000000060b88000 	/usr/lib/system/libsystem_network.dylib
0x0000000060b88000 	/usr/lib/system/libsystem_networkextension.dylib
0x0000000060b88000 	/usr/lib/system/libsystem_notify.dylib
0x0000000060b88000 	/usr/lib/system/libsystem_platform.dylib
0x0000000060b88000 	/usr/lib/system/libsystem_pthread.dylib
0x0000000060b88000 	/usr/lib/system/libsystem_sandbox.dylib
0x0000000060b88000 	/usr/lib/system/libsystem_secinit.dylib
0x0000000060b88000 	/usr/lib/system/libsystem_symptoms.dylib
0x0000000060b88000 	/usr/lib/system/libsystem_trace.dylib
0x0000000060b88000 	/usr/lib/system/libunwind.dylib
0x0000000060b88000 	/usr/lib/system/libxpc.dylib
0x0000000060b88000 	/usr/lib/libbsm.0.dylib
0x0000000060b88000 	/usr/lib/system/libkxld.dylib
0x0000000060b88000 	/usr/lib/libcoretls.dylib
0x0000000060b88000 	/usr/lib/libcoretls_cfhelpers.dylib
0x0000000060b88000 	/usr/lib/libxar.1.dylib
0x0000000060b88000 	/usr/lib/libsqlite3.dylib
0x0000000060b88000 	/usr/lib/libpam.2.dylib
0x0000000060b88000 	/usr/lib/libOpenScriptingUtil.dylib
0x0000000060b88000 	/usr/lib/libbz2.1.0.dylib
0x0000000060b88000 	/usr/lib/liblzma.5.dylib
0x0000000060b88000 	/usr/lib/libnetwork.dylib
0x0000000060b88000 	/usr/lib/libpcap.A.dylib
0x0000000060b88000 	/System/Library/Frameworks/CoreServices.framework/Versions/A/Frameworks/FSEvents.framework/Versions/A/FSEvents
0x0000000060b88000 	/System/Library/Frameworks/CoreServices.framework/Versions/A/Frameworks/CarbonCore.framework/Versions/A/CarbonCore
0x0000000060b88000 	/System/Library/Frameworks/CoreServices.framework/Versions/A/Frameworks/Metadata.framework/Versions/A/Metadata
0x0000000060b88000 	/System/Library/Frameworks/CoreServices.framework/Versions/A/Frameworks/OSServices.framework/Versions/A/OSServices
0x0000000060b88000 	/System/Library/Frameworks/CoreServices.framework/Versions/A/Frameworks/SearchKit.framework/Versions/A/SearchKit
0x0000000060b88000 	/System/Library/Frameworks/CoreServices.framework/Versions/A/Frameworks/AE.framework/Versions/A/AE
0x0000000060b88000 	/System/Library/Frameworks/CoreServices.framework/Versions/A/Frameworks/LaunchServices.framework/Versions/A/LaunchServices
0x0000000060b88000 	/System/Library/Frameworks/CoreServices.framework/Versions/A/Frameworks/DictionaryServices.framework/Versions/A/DictionaryServices
0x0000000060b88000 	/System/Library/Frameworks/CoreServices.framework/Versions/A/Frameworks/SharedFileList.framework/Versions/A/SharedFileList
0x0000000060b88000 	/System/Library/Frameworks/NetFS.framework/Versions/A/NetFS
0x0000000060b88000 	/System/Library/PrivateFrameworks/NetAuth.framework/Versions/A/NetAuth
0x0000000060b88000 	/System/Library/PrivateFrameworks/login.framework/Versions/A/Frameworks/loginsupport.framework/Versions/A/loginsupport
0x0000000060b88000 	/System/Library/PrivateFrameworks/TCC.framework/Versions/A/TCC
0x0000000060b88000 	/usr/lib/libmecabra.dylib
0x0000000060b88000 	/System/Library/Frameworks/ApplicationServices.framework/Versions/A/Frameworks/ATS.framework/Versions/A/ATS
0x0000000060b88000 	/System/Library/Frameworks/ApplicationServices.framework/Versions/A/Frameworks/ColorSync.framework/Versions/A/ColorSync
0x0000000060b88000 	/System/Library/Frameworks/ApplicationServices.framework/Versions/A/Frameworks/HIServices.framework/Versions/A/HIServices
0x0000000060b88000 	/System/Library/Frameworks/ApplicationServices.framework/Versions/A/Frameworks/LangAnalysis.framework/Versions/A/LangAnalysis
0x0000000060b88000 	/System/Library/Frameworks/ApplicationServices.framework/Versions/A/Frameworks/PrintCore.framework/Versions/A/PrintCore
0x0000000060b88000 	/System/Library/Frameworks/ApplicationServices.framework/Versions/A/Frameworks/QD.framework/Versions/A/QD
0x0000000060b88000 	/System/Library/Frameworks/ApplicationServices.framework/Versions/A/Frameworks/SpeechSynthesis.framework/Versions/A/SpeechSynthesis
0x0000000060b88000 	/System/Library/Frameworks/Accelerate.framework/Versions/A/Frameworks/vImage.framework/Versions/A/vImage
0x0000000060b88000 	/System/Library/Frameworks/Accelerate.framework/Versions/A/Frameworks/vecLib.framework/Versions/A/vecLib
0x0000000060b88000 	/System/Library/Frameworks/Accelerate.framework/Versions/A/Frameworks/vecLib.framework/Versions/A/libvDSP.dylib
0x0000000060b88000 	/System/Library/Frameworks/Accelerate.framework/Versions/A/Frameworks/vecLib.framework/Versions/A/libBNNS.dylib
0x0000000060b88000 	/System/Library/Frameworks/Accelerate.framework/Versions/A/Frameworks/vecLib.framework/Versions/A/libQuadrature.dylib
0x0000000060b88000 	/System/Library/Frameworks/Accelerate.framework/Versions/A/Frameworks/vecLib.framework/Versions/A/libvMisc.dylib
0x0000000060b88000 	/System/Library/Frameworks/Accelerate.framework/Versions/A/Frameworks/vecLib.framework/Versions/A/libLAPACK.dylib
0x0000000060b88000 	/System/Library/Frameworks/Accelerate.framework/Versions/A/Frameworks/vecLib.framework/Versions/A/libBLAS.dylib
0x0000000060b88000 	/System/Library/Frameworks/Accelerate.framework/Versions/A/Frameworks/vecLib.framework/Versions/A/libLinearAlgebra.dylib
0x0000000060b88000 	/System/Library/Frameworks/Accelerate.framework/Versions/A/Frameworks/vecLib.framework/Versions/A/libSparseBLAS.dylib
0x0000000060b88000 	/System/Library/Frameworks/ApplicationServices.framework/Versions/A/Frameworks/ATS.framework/Versions/A/Resources/libFontParser.dylib
0x0000000060b88000 	/System/Library/Frameworks/ApplicationServices.framework/Versions/A/Frameworks/ATS.framework/Versions/A/Resources/libFontRegistry.dylib
0x0000000060b88000 	/System/Library/Frameworks/ImageIO.framework/Versions/A/Resources/libJPEG.dylib
0x0000000060b88000 	/System/Library/Frameworks/ImageIO.framework/Versions/A/Resources/libTIFF.dylib
0x0000000060b88000 	/System/Library/Frameworks/ImageIO.framework/Versions/A/Resources/libPng.dylib
0x0000000060b88000 	/System/Library/Frameworks/ImageIO.framework/Versions/A/Resources/libGIF.dylib
0x0000000060b88000 	/System/Library/Frameworks/ImageIO.framework/Versions/A/Resources/libJP2.dylib
0x0000000060b88000 	/System/Library/Frameworks/ImageIO.framework/Versions/A/Resources/libRadiance.dylib
0x0000000060b88000 	/usr/lib/libcompression.dylib
0x0000000060b88000 	/System/Library/PrivateFrameworks/AppleJPEG.framework/Versions/A/AppleJPEG
0x0000000060b88000 	/usr/lib/libcups.2.dylib
0x0000000060b88000 	/System/Library/Frameworks/Kerberos.framework/Versions/A/Kerberos
0x0000000060b88000 	/System/Library/Frameworks/GSS.framework/Versions/A/GSS
0x0000000060b88000 	/usr/lib/libresolv.9.dylib
0x0000000060b88000 	/usr/lib/libiconv.2.dylib
0x0000000060b88000 	/System/Library/PrivateFrameworks/Heimdal.framework/Versions/A/Heimdal
0x0000000060b88000 	/usr/lib/libheimdal-asn1.dylib
0x0000000060b88000 	/System/Library/Frameworks/OpenDirectory.framework/Versions/A/OpenDirectory
0x0000000060b88000 	/System/Library/PrivateFrameworks/CommonAuth.framework/Versions/A/CommonAuth
0x0000000060b88000 	/System/Library/Frameworks/OpenDirectory.framework/Versions/A/Frameworks/CFOpenDirectory.framework/Versions/A/CFOpenDirectory
0x0000000060b88000 	/System/Library/Frameworks/SecurityFoundation.framework/Versions/A/SecurityFoundation
0x0000000060b88000 	/System/Library/PrivateFrameworks/LanguageModeling.framework/Versions/A/LanguageModeling
0x0000000060b88000 	/usr/lib/libmarisa.dylib
0x0000000060b88000 	/usr/lib/libChineseTokenizer.dylib
0x0000000060b88000 	/usr/lib/libcmph.dylib
0x0000000060b88000 	/System/Library/PrivateFrameworks/CoreEmoji.framework/Versions/A/CoreEmoji
0x0000000060b88000 	/System/Library/Frameworks/ServiceManagement.framework/Versions/A/ServiceManagement
0x0000000060b88000 	/usr/lib/libxslt.1.dylib
0x0000000060b88000 	/System/Library/Frameworks/Carbon.framework/Versions/A/Frameworks/Ink.framework/Versions/A/Ink
0x0000000060b88000 	/System/Library/PrivateFrameworks/TextureIO.framework/Versions/A/TextureIO
0x0000000060b88000 	/System/Library/Frameworks/Metal.framework/Versions/A/Metal
0x0000000060b88000 	/usr/lib/libate.dylib
0x0000000060b88000 	/System/Library/PrivateFrameworks/GPUCompiler.framework/libmetal_timestamp.dylib
0x0000000060b88000 	/System/Library/Frameworks/OpenGL.framework/Versions/A/Libraries/libCoreFSCache.dylib
0x0000000060b88000 	/System/Library/PrivateFrameworks/IOAccelerator.framework/Versions/A/IOAccelerator
0x0000000060b88000 	/System/Library/Frameworks/CoreVideo.framework/Versions/A/CoreVideo
0x0000000060b88000 	/usr/lib/libFosl_dynamic.dylib
0x0000000060b88000 	/System/Library/PrivateFrameworks/MetalPerformanceShaders.framework/Versions/A/MetalPerformanceShaders
0x0000000060b88000 	/System/Library/PrivateFrameworks/FaceCore.framework/Versions/A/FaceCore
0x0000000060b88000 	/System/Library/Frameworks/OpenCL.framework/Versions/A/OpenCL
0x0000000060b88000 	/System/Library/Frameworks/OpenGL.framework/Versions/A/Libraries/libGLU.dylib
0x0000000060b88000 	/System/Library/Frameworks/OpenGL.framework/Versions/A/Libraries/libGFXShared.dylib
0x0000000060b88000 	/System/Library/Frameworks/OpenGL.framework/Versions/A/Libraries/libGL.dylib
0x0000000060b88000 	/System/Library/Frameworks/OpenGL.framework/Versions/A/Libraries/libGLImage.dylib
0x0000000060b88000 	/System/Library/Frameworks/OpenGL.framework/Versions/A/Libraries/libCVMSPluginSupport.dylib
0x0000000060b88000 	/System/Library/Frameworks/OpenGL.framework/Versions/A/Libraries/libCoreVMClient.dylib
0x0000000060b88000 	/System/Library/PrivateFrameworks/CrashReporterSupport.framework/Versions/A/CrashReporterSupport
0x0000000060b88000 	/System/Library/PrivateFrameworks/Sharing.framework/Versions/A/Sharing
0x0000000060b88000 	/System/Library/PrivateFrameworks/IconServices.framework/Versions/A/IconServices
0x0000000060b88000 	/System/Library/PrivateFrameworks/ProtocolBuffer.framework/Versions/A/ProtocolBuffer
0x0000000060b88000 	/System/Library/PrivateFrameworks/Apple80211.framework/Versions/A/Apple80211
0x0000000060b88000 	/System/Library/Frameworks/CoreWLAN.framework/Versions/A/CoreWLAN
0x0000000060b88000 	/System/Library/PrivateFrameworks/CoreUtils.framework/Versions/A/CoreUtils
0x0000000060b88000 	/System/Library/Frameworks/IOBluetooth.framework/Versions/A/IOBluetooth
0x0000000060b88000 	/System/Library/PrivateFrameworks/CoreWiFi.framework/Versions/A/CoreWiFi
0x0000000060b88000 	/System/Library/Frameworks/CoreBluetooth.framework/Versions/A/CoreBluetooth
0x0000000060b88000 	/System/Library/Frameworks/CoreDisplay.framework/Versions/A/CoreDisplay
0x0000000060b88000 	/System/Library/PrivateFrameworks/IOPresentment.framework/Versions/A/IOPresentment
0x0000000060b88000 	/System/Library/PrivateFrameworks/DebugSymbols.framework/Versions/A/DebugSymbols
0x0000000060b88000 	/System/Library/PrivateFrameworks/CoreSymbolication.framework/Versions/A/CoreSymbolication
0x0000000060b88000 	/System/Library/PrivateFrameworks/Symbolication.framework/Versions/A/Symbolication
0x0000000060b88000 	/System/Library/PrivateFrameworks/AppleFSCompression.framework/Versions/A/AppleFSCompression
0x0000000060b88000 	/System/Library/PrivateFrameworks/SpeechRecognitionCore.framework/Versions/A/SpeechRecognitionCore
0x0000000060b88000 	/System/Library/PrivateFrameworks/ChunkingLibrary.framework/Versions/A/ChunkingLibrary
0x0000000102400000 	/Library/Java/JavaVirtualMachines/jdk1.8.0_101.jdk/Contents/Home/jre/lib/server/libjvm.dylib
0x0000000060b88000 	/usr/lib/libstdc++.6.dylib
0x0000000101bc6000 	/Library/Java/JavaVirtualMachines/jdk1.8.0_101.jdk/Contents/Home/jre/lib/libverify.dylib
0x000000010339d000 	/Library/Java/JavaVirtualMachines/jdk1.8.0_101.jdk/Contents/Home/jre/lib/libjava.dylib
0x0000000101bde000 	/Library/Java/JavaVirtualMachines/jdk1.8.0_101.jdk/Contents/Home/jre/lib/libzip.dylib
0x00000001077b8000 	/System/Library/Frameworks/JavaVM.framework/Frameworks/JavaRuntimeSupport.framework/JavaRuntimeSupport
0x00000001077d2000 	/System/Library/Frameworks/JavaVM.framework/Versions/A/Frameworks/JavaNativeFoundation.framework/Versions/A/JavaNativeFoundation
0x00000001077e7000 	/System/Library/Frameworks/JavaVM.framework/Versions/A/JavaVM
0x0000000060b88000 	/System/Library/Frameworks/Carbon.framework/Versions/A/Carbon
0x00000001077f4000 	/System/Library/PrivateFrameworks/JavaLaunching.framework/Versions/A/JavaLaunching
0x0000000060b88000 	/System/Library/Frameworks/Carbon.framework/Versions/A/Frameworks/CommonPanels.framework/Versions/A/CommonPanels
0x0000000060b88000 	/System/Library/Frameworks/Carbon.framework/Versions/A/Frameworks/Help.framework/Versions/A/Help
0x0000000060b88000 	/System/Library/Frameworks/Carbon.framework/Versions/A/Frameworks/ImageCapture.framework/Versions/A/ImageCapture
0x0000000060b88000 	/System/Library/Frameworks/Carbon.framework/Versions/A/Frameworks/OpenScripting.framework/Versions/A/OpenScripting
0x0000000060b88000 	/System/Library/Frameworks/Carbon.framework/Versions/A/Frameworks/Print.framework/Versions/A/Print
0x0000000060b88000 	/System/Library/Frameworks/Carbon.framework/Versions/A/Frameworks/SecurityHI.framework/Versions/A/SecurityHI
0x0000000109192000 	/Library/Java/JavaVirtualMachines/jdk1.8.0_101.jdk/Contents/Home/jre/lib/libprism_es2.dylib
0x0000000060b88000 	/System/Library/Frameworks/OpenGL.framework/Versions/A/Resources/GLEngine.bundle/GLEngine
0x0000000060b88000 	/System/Library/Frameworks/OpenGL.framework/Versions/A/Libraries/libGLProgrammability.dylib
0x00000001091f8000 	/System/Library/Extensions/AppleIntelBDWGraphicsGLDriver.bundle/Contents/MacOS/AppleIntelBDWGraphicsGLDriver
0x0000000060b88000 	/System/Library/PrivateFrameworks/GPUSupport.framework/Versions/A/Libraries/libGPUSupportMercury.dylib
0x0000000060b88000 	/System/Library/Frameworks/OpenGL.framework/Versions/A/Resources/GLRendererFloat.bundle/GLRendererFloat
0x0000000060b88000 	/System/Library/Frameworks/OpenCL.framework/Versions/A/Libraries/libcldcpuengine.dylib
0x0000000060b88000 	/usr/lib/libcrypto.0.9.8.dylib
0x0000000060b88000 	/System/Library/PrivateFrameworks/TrustEvaluationAgent.framework/Versions/A/TrustEvaluationAgent
0x0000000109d64000 	/Library/Java/JavaVirtualMachines/jdk1.8.0_101.jdk/Contents/Home/jre/lib/libglass.dylib
0x0000000060b88000 	/System/Library/PrivateFrameworks/CoreServicesInternal.framework/Versions/A/CoreServicesInternal
0x0000000060b88000 	/System/Library/CoreServices/RawCamera.bundle/Contents/MacOS/RawCamera
0x0000000060b88000 	/System/Library/Frameworks/Accelerate.framework/Versions/A/Frameworks/vImage.framework/Versions/A/Libraries/libCGInterfaces.dylib
0x0000000060b88000 	/System/Library/PrivateFrameworks/FamilyControls.framework/Versions/A/FamilyControls
0x0000000060b88000 	/System/Library/PrivateFrameworks/CommerceKit.framework/Versions/A/Frameworks/CommerceCore.framework/Versions/A/CommerceCore
0x0000000060b88000 	/System/Library/PrivateFrameworks/SystemAdministration.framework/Versions/A/SystemAdministration
0x0000000060b88000 	/System/Library/PrivateFrameworks/AppContainer.framework/Versions/A/AppContainer
0x0000000060b88000 	/System/Library/PrivateFrameworks/SecCodeWrapper.framework/Versions/A/SecCodeWrapper
0x0000000060b88000 	/System/Library/Frameworks/DirectoryService.framework/Versions/A/DirectoryService
0x0000000060b88000 	/System/Library/PrivateFrameworks/DiskImages.framework/Versions/A/DiskImages
0x0000000060b88000 	/System/Library/PrivateFrameworks/LoginUIKit.framework/Versions/A/Frameworks/LoginUICore.framework/Versions/A/LoginUICore
0x0000000060b88000 	/usr/lib/libCoreStorage.dylib
0x0000000060b88000 	/usr/lib/libcsfde.dylib
0x0000000060b88000 	/usr/lib/libodfde.dylib
0x0000000060b88000 	/System/Library/Frameworks/DiscRecording.framework/Versions/A/DiscRecording
0x0000000060b88000 	/usr/lib/libcurl.4.dylib
0x0000000060b88000 	/System/Library/PrivateFrameworks/MediaKit.framework/Versions/A/MediaKit
0x0000000060b88000 	/System/Library/PrivateFrameworks/ProtectedCloudStorage.framework/Versions/A/ProtectedCloudStorage
0x0000000060b88000 	/System/Library/PrivateFrameworks/EFILogin.framework/Versions/A/EFILogin
0x0000000060b88000 	/usr/lib/libutil.dylib
0x0000000060b88000 	/System/Library/Frameworks/LDAP.framework/Versions/A/LDAP
0x0000000060b88000 	/usr/lib/libsasl2.2.dylib
0x0000000060b88000 	/System/Library/PrivateFrameworks/CoreDaemon.framework/Versions/B/CoreDaemon
0x0000000060b88000 	/System/Library/PrivateFrameworks/AppleSRP.framework/Versions/A/AppleSRP
0x0000000060b88000 	/System/Library/PrivateFrameworks/APFS.framework/Versions/A/APFS
0x0000000060b88000 	/System/Library/Frameworks/ApplicationServices.framework/Versions/A/Frameworks/ATS.framework/Versions/A/Resources/libTrueTypeScaler.dylib
0x000000010d6ea000 	/System/Library/Extensions/AppleIntelBDWGraphicsMTLDriver.bundle/Contents/MacOS/AppleIntelBDWGraphicsMTLDriver
0x000000011e3d5000 	/Library/Java/JavaVirtualMachines/jdk1.8.0_101.jdk/Contents/Home/jre/lib/libjfxwebkit.dylib
0x000000010de10000 	/Library/Java/JavaVirtualMachines/jdk1.8.0_101.jdk/Contents/Home/jre/lib/libnio.dylib
0x000000010de20000 	/Library/Java/JavaVirtualMachines/jdk1.8.0_101.jdk/Contents/Home/jre/lib/./libnet.dylib
0x000000010d90a000 	/Library/Java/JavaVirtualMachines/jdk1.8.0_101.jdk/Contents/Home/jre/lib/libjavafx_font.dylib
0x0000000060b88000 	/System/Library/PrivateFrameworks/ViewBridge.framework/Versions/A/ViewBridge
0x0000000060b88000 	/System/Library/PrivateFrameworks/XPCService.framework/Versions/A/XPCService
0x0000000060b88000 	/System/Library/PrivateFrameworks/AppSandbox.framework/Versions/A/AppSandbox
0x0000000060b88000 	/usr/lib/libsandbox.1.dylib
0x0000000060b88000 	/usr/lib/libMatch.1.dylib
0x000000010f2fe000 	/Library/Java/JavaVirtualMachines/jdk1.8.0_101.jdk/Contents/Home/jre/lib/libprism_common.dylib
0x0000000122008000 	/Library/Java/JavaVirtualMachines/jdk1.8.0_101.jdk/Contents/Home/jre/lib/libsunec.dylib

VM Arguments:
jvm_args: -Dfile.encoding=UTF-8 
java_command: application.MapApp
java_class_path (initial): /Users/Sahba/Documents/Eclipseworkspace/UCSDGraphs/bin:/Users/Sahba/Documents/Eclipseworkspace/UCSDGraphs/libs/javax.json-1.0.4.jar
Launcher Type: SUN_STANDARD

Environment Variables:
PATH=/usr/bin:/bin:/usr/sbin:/sbin
SHELL=/bin/bash
DISPLAY=/private/tmp/com.apple.launchd.nF28OLpV7N/org.macosforge.xquartz:0

Signal Handlers:
SIGSEGV: [libjvm.dylib+0x5af145], sa_mask[0]=11111111011111110111111111111111, sa_flags=SA_ONSTACK|SA_RESTART|SA_SIGINFO
SIGBUS: [libjvm.dylib+0x5af145], sa_mask[0]=11111111011111110111111111111111, sa_flags=SA_RESTART|SA_SIGINFO
SIGFPE: [libjvm.dylib+0x48694c], sa_mask[0]=11111111011111110111111111111111, sa_flags=SA_RESTART|SA_SIGINFO
SIGPIPE: [libjvm.dylib+0x48694c], sa_mask[0]=11111111011111110111111111111111, sa_flags=SA_RESTART|SA_SIGINFO
SIGXFSZ: [libjvm.dylib+0x48694c], sa_mask[0]=11111111011111110111111111111111, sa_flags=SA_RESTART|SA_SIGINFO
SIGILL: [libjvm.dylib+0x48694c], sa_mask[0]=11111111011111110111111111111111, sa_flags=SA_RESTART|SA_SIGINFO
SIGUSR1: SIG_DFL, sa_mask[0]=00000000000000000000000000000000, sa_flags=none
SIGUSR2: [libjvm.dylib+0x48646a], sa_mask[0]=00100000000000000000000000000000, sa_flags=SA_RESTART|SA_SIGINFO
SIGHUP: [libjvm.dylib+0x484a41], sa_mask[0]=11111111011111110111111111111111, sa_flags=SA_RESTART|SA_SIGINFO
SIGINT: [libjvm.dylib+0x484a41], sa_mask[0]=11111111011111110111111111111111, sa_flags=SA_RESTART|SA_SIGINFO
SIGTERM: [libjvm.dylib+0x484a41], sa_mask[0]=11111111011111110111111111111111, sa_flags=SA_RESTART|SA_SIGINFO
SIGQUIT: [libjvm.dylib+0x484a41], sa_mask[0]=11111111011111110111111111111111, sa_flags=SA_RESTART|SA_SIGINFO


---------------  S Y S T E M  ---------------

OS:Bsduname:Darwin 16.1.0 Darwin Kernel Version 16.1.0: Thu Oct 13 21:26:57 PDT 2016; root:xnu-3789.21.3~60/RELEASE_X86_64 x86_64
rlimit: STACK 8192k, CORE 0k, NPROC 709, NOFILE 10240, AS infinity
load average:3.77 3.61 2.71

CPU:total 4 (2 cores per cpu, 2 threads per core) family 6 model 61 stepping 4, cmov, cx8, fxsr, mmx, sse, sse2, sse3, ssse3, sse4.1, sse4.2, popcnt, avx, avx2, aes, clmul, erms, 3dnowpref, lzcnt, ht, tsc, tscinvbit, bmi1, bmi2, adx

Memory: 4k page, physical 4194304k(6640k free)

/proc/meminfo:


vm_info: Java HotSpot(TM) 64-Bit Server VM (25.101-b13) for bsd-amd64 JRE (1.8.0_101-b13), built on Jun 22 2016 02:42:15 by "java_re" with gcc 4.2.1 (Based on Apple Inc. build 5658) (LLVM build 2336.11.00)

time: Wed Dec 21 19:31:34 2016
elapsed time: 355 seconds (0d 0h 5m 55s)

